# JRE version: Java(TM) SE Runtime Environment (25.0.1+8) (build 25.0.1+8-LTS-27)
# Java VM: Java HotSpot(TM) 64-Bit Server VM (25.0.1+8-LTS-27, mixed mode, sharing, tiered, compressed oops, compressed class ptrs, g1 gc, windows-amd64)
GC Precious Log:
 CardTable entry size: 512
 Card Set container configuration: InlinePtr #cards 5 size 8 Array Of Cards #cards 10 size 36 Howl #buckets 4 coarsen threshold 1843 Howl Bitmap #cards 512 size 80 coarsen threshold 460 Card regions per heap region 1 cards per card region 2048
 CPUs: 8 total, 8 available
 Memory: 7977M
 Large Page Support: Disabled
 NUMA Support: Disabled
 Compressed Oops: Enabled (32-bit)
 Heap Region Size: 1M
 Heap Min Capacity: 8M
 Heap Initial Capacity: 126M
 Heap Max Capacity: 1996M
 Pre-touch: Disabled
 Parallel Workers: 8
 Concurrent Workers: 2
 Concurrent Refinement Workers: 8
 Periodic GC: Disabled
Heap:
 garbage-first heap   total reserved 2043904K, committed 72704K, used 63488K [0x0000000083400000, 0x0000000100000000)
  region size 1024K, 32 young (32768K), 1 survivors (1024K)
GC Heap Usage History (20 events):
Event: 1819.561 {heap Before GC invocations=15 (full 0):
 garbage-first heap   total reserved 2043904K, committed 70656K, used 62619K [0x0000000083400000, 0x0000000100000000)
  region size 1024K, 26 young (26624K), 3 survivors (3072K)
}
Event: 1819.601 {heap After GC invocations=16 (full 0):
 garbage-first heap   total reserved 2043904K, committed 70656K, used 40016K [0x0000000083400000, 0x0000000100000000)
  region size 1024K, 1 young (1024K), 1 survivors (1024K)
}
Event: 2709.556 {heap Before GC invocations=17 (full 0):
 garbage-first heap   total reserved 2043904K, committed 70656K, used 63568K [0x0000000083400000, 0x0000000100000000)
  region size 1024K, 25 young (25600K), 1 survivors (1024K)
}
Event: 2709.563 {heap After GC invocations=18 (full 0):
 garbage-first heap   total reserved 2043904K, committed 70656K, used 39965K [0x0000000083400000, 0x0000000100000000)
  region size 1024K, 1 young (1024K), 1 survivors (1024K)
}
Event: 4229.587 {heap Before GC invocations=18 (full 0):
 garbage-first heap   total reserved 2043904K, committed 70656K, used 63517K [0x0000000083400000, 0x0000000100000000)
  region size 1024K, 25 young (25600K), 1 survivors (1024K)
}
Event: 4229.653 {heap After GC invocations=19 (full 0):
 garbage-first heap   total reserved 2043904K, committed 70656K, used 39473K [0x0000000083400000, 0x0000000100000000)
  region size 1024K, 1 young (1024K), 1 survivors (1024K)
}
Event: 5234.965 {heap Before GC invocations=19 (full 0):
 garbage-first heap   total reserved 2043904K, committed 70656K, used 65073K [0x0000000083400000, 0x0000000100000000)
  region size 1024K, 27 young (27648K), 1 survivors (1024K)
}
Event: 5234.993 {heap After GC invocations=20 (full 0):
 garbage-first heap   total reserved 2043904K, committed 70656K, used 39431K [0x0000000083400000, 0x0000000100000000)
  region size 1024K, 1 young (1024K), 1 survivors (1024K)
}
Event: 6736.272 {heap Before GC invocations=21 (full 0):
 garbage-first heap   total reserved 2043904K, committed 70656K, used 65031K [0x0000000083400000, 0x0000000100000000)
  region size 1024K, 27 young (27648K), 1 survivors (1024K)
}
Event: 6736.309 {heap After GC invocations=22 (full 0):
 garbage-first heap   total reserved 2043904K, committed 70656K, used 39342K [0x0000000083400000, 0x0000000100000000)
  region size 1024K, 1 young (1024K), 1 survivors (1024K)
}
Event: 7979.570 {heap Before GC invocations=22 (full 0):
 garbage-first heap   total reserved 2043904K, committed 70656K, used 64942K [0x0000000083400000, 0x0000000100000000)
  region size 1024K, 27 young (27648K), 1 survivors (1024K)
}
Event: 7979.689 {heap After GC invocations=23 (full 0):
 garbage-first heap   total reserved 2043904K, committed 71680K, used 35809K [0x0000000083400000, 0x0000000100000000)
  region size 1024K, 1 young (1024K), 1 survivors (1024K)
}
Event: 9729.561 {heap Before GC invocations=23 (full 0):
 garbage-first heap   total reserved 2043904K, committed 71680K, used 66529K [0x0000000083400000, 0x0000000100000000)
  region size 1024K, 31 young (31744K), 1 survivors (1024K)
}
Event: 9729.659 {heap After GC invocations=24 (full 0):
 garbage-first heap   total reserved 2043904K, committed 72704K, used 34021K [0x0000000083400000, 0x0000000100000000)
  region size 1024K, 1 young (1024K), 1 survivors (1024K)
}
Event: 11002.151 {heap Before GC invocations=24 (full 0):
 garbage-first heap   total reserved 2043904K, committed 72704K, used 66789K [0x0000000083400000, 0x0000000100000000)
  region size 1024K, 33 young (33792K), 1 survivors (1024K)
}
Event: 11002.225 {heap After GC invocations=25 (full 0):
 garbage-first heap   total reserved 2043904K, committed 72704K, used 34010K [0x0000000083400000, 0x0000000100000000)
  region size 1024K, 1 young (1024K), 1 survivors (1024K)
}
Event: 12259.575 {heap Before GC invocations=26 (full 0):
 garbage-first heap   total reserved 2043904K, committed 72704K, used 65754K [0x0000000083400000, 0x0000000100000000)
  region size 1024K, 33 young (33792K), 1 survivors (1024K)
}
Event: 12259.623 {heap After GC invocations=27 (full 0):
 garbage-first heap   total reserved 2043904K, committed 72704K, used 34127K [0x0000000083400000, 0x0000000100000000)
  region size 1024K, 1 young (1024K), 1 survivors (1024K)
}
Event: 22659.570 {heap Before GC invocations=27 (full 0):
 garbage-first heap   total reserved 2043904K, committed 72704K, used 65871K [0x0000000083400000, 0x0000000100000000)
  region size 1024K, 33 young (33792K), 1 survivors (1024K)
}
Event: 22659.660 {heap After GC invocations=28 (full 0):
 garbage-first heap   total reserved 2043904K, committed 72704K, used 33792K [0x0000000083400000, 0x0000000100000000)
  region size 1024K, 1 young (1024K), 1 survivors (1024K)
}

